2022-11-23 15:21:09,964 logs INFO admin用户登录
2022-11-23 15:21:09,964 logs INFO admin用户登录
2022-11-23 15:21:09,964 logs INFO admin用户登录
2022-11-23 15:21:09,964 logs INFO admin用户登录
2022-11-23 15:21:09,964 logs INFO admin用户登录
2022-11-23 15:21:09,977 logs INFO selecting from db
2022-11-23 15:21:09,977 logs INFO selecting from db
2022-11-23 15:21:09,977 logs INFO selecting from db
2022-11-23 15:21:09,977 logs INFO selecting from db
2022-11-23 15:21:09,977 logs INFO selecting from db
2022-11-23 15:21:27,159 logs INFO selecting from db
2022-11-23 15:21:27,159 logs INFO selecting from db
2022-11-23 15:21:27,159 logs INFO selecting from db
2022-11-23 15:21:27,159 logs INFO selecting from db
2022-11-23 15:21:27,159 logs INFO selecting from db
2022-11-23 15:24:42,471 logs INFO selecting from db
2022-11-23 15:24:42,471 logs INFO selecting from db
2022-11-23 15:24:42,471 logs INFO selecting from db
2022-11-23 15:24:42,471 logs INFO selecting from db
2022-11-23 15:24:42,471 logs INFO selecting from db
2022-11-23 15:24:46,094 logs INFO selecting from db
2022-11-23 15:24:46,094 logs INFO selecting from db
2022-11-23 15:24:46,094 logs INFO selecting from db
2022-11-23 15:24:46,094 logs INFO selecting from db
2022-11-23 15:24:46,094 logs INFO selecting from db
2022-11-23 15:26:58,713 logs INFO selecting from db
2022-11-23 15:26:58,713 logs INFO selecting from db
2022-11-23 15:26:58,713 logs INFO selecting from db
2022-11-23 15:26:58,713 logs INFO selecting from db
2022-11-23 15:26:58,713 logs INFO selecting from db
2022-11-23 15:27:05,281 logs INFO selecting from db
2022-11-23 15:27:05,281 logs INFO selecting from db
2022-11-23 15:27:05,281 logs INFO selecting from db
2022-11-23 15:27:05,281 logs INFO selecting from db
2022-11-23 15:27:05,281 logs INFO selecting from db
2022-11-23 15:33:15,305 logs INFO selecting from db
2022-11-23 15:33:15,305 logs INFO selecting from db
2022-11-23 15:33:15,305 logs INFO selecting from db
2022-11-23 15:33:15,305 logs INFO selecting from db
2022-11-23 15:33:15,305 logs INFO selecting from db
2022-11-23 15:33:23,012 logs INFO selecting from db
2022-11-23 15:33:23,012 logs INFO selecting from db
2022-11-23 15:33:23,012 logs INFO selecting from db
2022-11-23 15:33:23,012 logs INFO selecting from db
2022-11-23 15:33:23,012 logs INFO selecting from db
2022-11-23 15:36:24,499 logs INFO selecting from db
2022-11-23 15:36:24,499 logs INFO selecting from db
2022-11-23 15:36:24,499 logs INFO selecting from db
2022-11-23 15:36:24,499 logs INFO selecting from db
2022-11-23 15:36:24,499 logs INFO selecting from db
2022-11-23 15:36:27,705 logs INFO selecting from db
2022-11-23 15:36:27,705 logs INFO selecting from db
2022-11-23 15:36:27,705 logs INFO selecting from db
2022-11-23 15:36:27,705 logs INFO selecting from db
2022-11-23 15:36:27,705 logs INFO selecting from db
2022-11-23 15:36:36,349 logs INFO selecting from db
2022-11-23 15:36:36,349 logs INFO selecting from db
2022-11-23 15:36:36,349 logs INFO selecting from db
2022-11-23 15:36:36,349 logs INFO selecting from db
2022-11-23 15:36:36,349 logs INFO selecting from db
2022-11-23 15:36:40,649 logs INFO selecting from db
2022-11-23 15:36:40,649 logs INFO selecting from db
2022-11-23 15:36:40,649 logs INFO selecting from db
2022-11-23 15:36:40,649 logs INFO selecting from db
2022-11-23 15:36:40,649 logs INFO selecting from db
2022-11-23 15:38:38,486 logs ERROR [Errno 2] No such file or directory: ''
2022-11-23 15:38:38,486 logs ERROR [Errno 2] No such file or directory: ''
2022-11-23 15:38:38,486 logs ERROR [Errno 2] No such file or directory: ''
2022-11-23 15:38:38,486 logs ERROR [Errno 2] No such file or directory: ''
2022-11-23 15:38:38,486 logs ERROR [Errno 2] No such file or directory: ''
2022-11-23 15:38:38,488 logs ERROR near "')'": syntax error
2022-11-23 15:38:38,488 logs ERROR near "')'": syntax error
2022-11-23 15:38:38,488 logs ERROR near "')'": syntax error
2022-11-23 15:38:38,488 logs ERROR near "')'": syntax error
2022-11-23 15:38:38,488 logs ERROR near "')'": syntax error
2022-11-23 15:38:39,812 logs INFO selecting from db
2022-11-23 15:38:39,812 logs INFO selecting from db
2022-11-23 15:38:39,812 logs INFO selecting from db
2022-11-23 15:38:39,812 logs INFO selecting from db
2022-11-23 15:38:39,812 logs INFO selecting from db
2022-11-23 15:38:44,426 logs INFO selecting from db
2022-11-23 15:38:44,426 logs INFO selecting from db
2022-11-23 15:38:44,426 logs INFO selecting from db
2022-11-23 15:38:44,426 logs INFO selecting from db
2022-11-23 15:38:44,426 logs INFO selecting from db
2022-11-23 15:38:53,140 logs INFO selecting from db
2022-11-23 15:38:53,140 logs INFO selecting from db
2022-11-23 15:38:53,140 logs INFO selecting from db
2022-11-23 15:38:53,140 logs INFO selecting from db
2022-11-23 15:38:53,140 logs INFO selecting from db
2022-11-23 15:38:56,102 logs INFO selecting from db
2022-11-23 15:38:56,102 logs INFO selecting from db
2022-11-23 15:38:56,102 logs INFO selecting from db
2022-11-23 15:38:56,102 logs INFO selecting from db
2022-11-23 15:38:56,102 logs INFO selecting from db
2022-11-23 15:40:00,812 logs INFO selecting from db
2022-11-23 15:40:00,812 logs INFO selecting from db
2022-11-23 15:40:00,812 logs INFO selecting from db
2022-11-23 15:40:00,812 logs INFO selecting from db
2022-11-23 15:40:00,812 logs INFO selecting from db
2022-11-23 15:40:01,576 logs INFO selecting from db
2022-11-23 15:40:01,576 logs INFO selecting from db
2022-11-23 15:40:01,576 logs INFO selecting from db
2022-11-23 15:40:01,576 logs INFO selecting from db
2022-11-23 15:40:01,576 logs INFO selecting from db
2022-11-23 15:40:04,712 logs INFO selecting from db
2022-11-23 15:40:04,712 logs INFO selecting from db
2022-11-23 15:40:04,712 logs INFO selecting from db
2022-11-23 15:40:04,712 logs INFO selecting from db
2022-11-23 15:40:04,712 logs INFO selecting from db
2022-11-23 15:40:15,256 logs INFO selecting from db
2022-11-23 15:40:15,256 logs INFO selecting from db
2022-11-23 15:40:15,256 logs INFO selecting from db
2022-11-23 15:40:15,256 logs INFO selecting from db
2022-11-23 15:40:15,256 logs INFO selecting from db
2022-11-23 15:42:04,782 logs INFO selecting from db
2022-11-23 15:42:04,782 logs INFO selecting from db
2022-11-23 15:42:04,782 logs INFO selecting from db
2022-11-23 15:42:04,782 logs INFO selecting from db
2022-11-23 15:42:04,782 logs INFO selecting from db
2022-11-23 15:42:05,772 logs INFO selecting from db
2022-11-23 15:42:05,772 logs INFO selecting from db
2022-11-23 15:42:05,772 logs INFO selecting from db
2022-11-23 15:42:05,772 logs INFO selecting from db
2022-11-23 15:42:05,772 logs INFO selecting from db
2022-11-23 15:43:33,457 logs INFO selecting from db
2022-11-23 15:43:33,457 logs INFO selecting from db
2022-11-23 15:43:33,457 logs INFO selecting from db
2022-11-23 15:43:33,457 logs INFO selecting from db
2022-11-23 15:43:33,457 logs INFO selecting from db
2022-11-23 15:43:34,300 logs INFO selecting from db
2022-11-23 15:43:34,300 logs INFO selecting from db
2022-11-23 15:43:34,300 logs INFO selecting from db
2022-11-23 15:43:34,300 logs INFO selecting from db
2022-11-23 15:43:34,300 logs INFO selecting from db
2022-11-23 15:43:36,783 logs INFO selecting from db
2022-11-23 15:43:36,783 logs INFO selecting from db
2022-11-23 15:43:36,783 logs INFO selecting from db
2022-11-23 15:43:36,783 logs INFO selecting from db
2022-11-23 15:43:36,783 logs INFO selecting from db
2022-11-23 15:43:46,327 logs INFO selecting from db
2022-11-23 15:43:46,327 logs INFO selecting from db
2022-11-23 15:43:46,327 logs INFO selecting from db
2022-11-23 15:43:46,327 logs INFO selecting from db
2022-11-23 15:43:46,327 logs INFO selecting from db
2022-11-23 15:45:27,628 logs INFO selecting from db
2022-11-23 15:45:27,628 logs INFO selecting from db
2022-11-23 15:45:27,628 logs INFO selecting from db
2022-11-23 15:45:27,628 logs INFO selecting from db
2022-11-23 15:45:27,628 logs INFO selecting from db
2022-11-23 15:45:34,809 logs INFO selecting from db
2022-11-23 15:45:34,809 logs INFO selecting from db
2022-11-23 15:45:34,809 logs INFO selecting from db
2022-11-23 15:45:34,809 logs INFO selecting from db
2022-11-23 15:45:34,809 logs INFO selecting from db
2022-11-23 15:45:36,398 logs INFO selecting from db
2022-11-23 15:45:36,398 logs INFO selecting from db
2022-11-23 15:45:36,398 logs INFO selecting from db
2022-11-23 15:45:36,398 logs INFO selecting from db
2022-11-23 15:45:36,398 logs INFO selecting from db
2022-11-23 15:45:48,000 logs INFO user用户登录
2022-11-23 15:45:48,000 logs INFO user用户登录
2022-11-23 15:45:48,000 logs INFO user用户登录
2022-11-23 15:45:48,000 logs INFO user用户登录
2022-11-23 15:45:48,000 logs INFO user用户登录
2022-11-23 15:45:48,008 logs INFO selecting from db
2022-11-23 15:45:48,008 logs INFO selecting from db
2022-11-23 15:45:48,008 logs INFO selecting from db
2022-11-23 15:45:48,008 logs INFO selecting from db
2022-11-23 15:45:48,008 logs INFO selecting from db
2022-11-23 15:45:56,581 logs INFO selecting from db
2022-11-23 15:45:56,581 logs INFO selecting from db
2022-11-23 15:45:56,581 logs INFO selecting from db
2022-11-23 15:45:56,581 logs INFO selecting from db
2022-11-23 15:45:56,581 logs INFO selecting from db
2022-11-23 15:46:01,456 logs INFO selecting from db
2022-11-23 15:46:01,456 logs INFO selecting from db
2022-11-23 15:46:01,456 logs INFO selecting from db
2022-11-23 15:46:01,456 logs INFO selecting from db
2022-11-23 15:46:01,456 logs INFO selecting from db
2022-11-23 15:50:41,627 logs INFO admin用户登录
2022-11-23 15:50:41,627 logs INFO admin用户登录
2022-11-23 15:50:41,627 logs INFO admin用户登录
2022-11-23 15:50:41,627 logs INFO admin用户登录
2022-11-23 15:50:41,627 logs INFO admin用户登录
2022-11-23 15:50:41,646 logs INFO selecting from db
2022-11-23 15:50:41,646 logs INFO selecting from db
2022-11-23 15:50:41,646 logs INFO selecting from db
2022-11-23 15:50:41,646 logs INFO selecting from db
2022-11-23 15:50:41,646 logs INFO selecting from db
2022-11-23 15:50:44,735 logs INFO selecting from db
2022-11-23 15:50:44,735 logs INFO selecting from db
2022-11-23 15:50:44,735 logs INFO selecting from db
2022-11-23 15:50:44,735 logs INFO selecting from db
2022-11-23 15:50:44,735 logs INFO selecting from db
2022-11-23 15:51:01,634 logs INFO admin用户登录
2022-11-23 15:51:01,634 logs INFO admin用户登录
2022-11-23 15:51:01,634 logs INFO admin用户登录
2022-11-23 15:51:01,634 logs INFO admin用户登录
2022-11-23 15:51:01,634 logs INFO admin用户登录
2022-11-23 15:51:01,652 logs INFO selecting from db
2022-11-23 15:51:01,652 logs INFO selecting from db
2022-11-23 15:51:01,652 logs INFO selecting from db
2022-11-23 15:51:01,652 logs INFO selecting from db
2022-11-23 15:51:01,652 logs INFO selecting from db
2022-11-23 15:51:04,833 logs INFO selecting from db
2022-11-23 15:51:04,833 logs INFO selecting from db
2022-11-23 15:51:04,833 logs INFO selecting from db
2022-11-23 15:51:04,833 logs INFO selecting from db
2022-11-23 15:51:04,833 logs INFO selecting from db
2022-11-23 15:53:26,391 logs INFO admin用户登录
2022-11-23 15:53:26,391 logs INFO admin用户登录
2022-11-23 15:53:26,391 logs INFO admin用户登录
2022-11-23 15:53:26,391 logs INFO admin用户登录
2022-11-23 15:53:26,391 logs INFO admin用户登录
2022-11-23 15:53:26,407 logs INFO selecting from db
2022-11-23 15:53:26,407 logs INFO selecting from db
2022-11-23 15:53:26,407 logs INFO selecting from db
2022-11-23 15:53:26,407 logs INFO selecting from db
2022-11-23 15:53:26,407 logs INFO selecting from db
2022-11-23 15:53:33,095 logs INFO selecting from db
2022-11-23 15:53:33,095 logs INFO selecting from db
2022-11-23 15:53:33,095 logs INFO selecting from db
2022-11-23 15:53:33,095 logs INFO selecting from db
2022-11-23 15:53:33,095 logs INFO selecting from db
2022-11-23 15:53:36,088 logs INFO selecting from db
2022-11-23 15:53:36,088 logs INFO selecting from db
2022-11-23 15:53:36,088 logs INFO selecting from db
2022-11-23 15:53:36,088 logs INFO selecting from db
2022-11-23 15:53:36,088 logs INFO selecting from db
2022-11-23 15:53:53,089 logs INFO admin用户登录
2022-11-23 15:53:53,089 logs INFO admin用户登录
2022-11-23 15:53:53,089 logs INFO admin用户登录
2022-11-23 15:53:53,089 logs INFO admin用户登录
2022-11-23 15:53:53,089 logs INFO admin用户登录
2022-11-23 15:53:53,104 logs INFO selecting from db
2022-11-23 15:53:53,104 logs INFO selecting from db
2022-11-23 15:53:53,104 logs INFO selecting from db
2022-11-23 15:53:53,104 logs INFO selecting from db
2022-11-23 15:53:53,104 logs INFO selecting from db
2022-11-23 15:53:58,564 logs INFO selecting from db
2022-11-23 15:53:58,564 logs INFO selecting from db
2022-11-23 15:53:58,564 logs INFO selecting from db
2022-11-23 15:53:58,564 logs INFO selecting from db
2022-11-23 15:53:58,564 logs INFO selecting from db
2022-11-23 15:54:09,608 logs INFO selecting from db
2022-11-23 15:54:09,608 logs INFO selecting from db
2022-11-23 15:54:09,608 logs INFO selecting from db
2022-11-23 15:54:09,608 logs INFO selecting from db
2022-11-23 15:54:09,608 logs INFO selecting from db
2022-11-23 15:54:10,761 logs INFO selecting from db
2022-11-23 15:54:10,761 logs INFO selecting from db
2022-11-23 15:54:10,761 logs INFO selecting from db
2022-11-23 15:54:10,761 logs INFO selecting from db
2022-11-23 15:54:10,761 logs INFO selecting from db
2022-11-23 15:55:11,825 logs INFO user用户登录
2022-11-23 15:55:11,825 logs INFO user用户登录
2022-11-23 15:55:11,825 logs INFO user用户登录
2022-11-23 15:55:11,825 logs INFO user用户登录
2022-11-23 15:55:11,825 logs INFO user用户登录
2022-11-23 15:55:11,836 logs INFO selecting from db
2022-11-23 15:55:11,836 logs INFO selecting from db
2022-11-23 15:55:11,836 logs INFO selecting from db
2022-11-23 15:55:11,836 logs INFO selecting from db
2022-11-23 15:55:11,836 logs INFO selecting from db
2022-11-23 15:55:46,136 logs INFO user用户登录
2022-11-23 15:55:46,136 logs INFO user用户登录
2022-11-23 15:55:46,136 logs INFO user用户登录
2022-11-23 15:55:46,136 logs INFO user用户登录
2022-11-23 15:55:46,136 logs INFO user用户登录
2022-11-23 15:55:46,154 logs INFO selecting from db
2022-11-23 15:55:46,154 logs INFO selecting from db
2022-11-23 15:55:46,154 logs INFO selecting from db
2022-11-23 15:55:46,154 logs INFO selecting from db
2022-11-23 15:55:46,154 logs INFO selecting from db
2022-11-23 15:56:07,293 logs INFO user用户登录
2022-11-23 15:56:07,293 logs INFO user用户登录
2022-11-23 15:56:07,293 logs INFO user用户登录
2022-11-23 15:56:07,293 logs INFO user用户登录
2022-11-23 15:56:07,293 logs INFO user用户登录
2022-11-23 15:56:07,310 logs INFO selecting from db
2022-11-23 15:56:07,310 logs INFO selecting from db
2022-11-23 15:56:07,310 logs INFO selecting from db
2022-11-23 15:56:07,310 logs INFO selecting from db
2022-11-23 15:56:07,310 logs INFO selecting from db
2022-11-23 15:56:19,412 logs INFO admin用户登录
2022-11-23 15:56:19,412 logs INFO admin用户登录
2022-11-23 15:56:19,412 logs INFO admin用户登录
2022-11-23 15:56:19,412 logs INFO admin用户登录
2022-11-23 15:56:19,412 logs INFO admin用户登录
2022-11-23 15:56:19,419 logs INFO selecting from db
2022-11-23 15:56:19,419 logs INFO selecting from db
2022-11-23 15:56:19,419 logs INFO selecting from db
2022-11-23 15:56:19,419 logs INFO selecting from db
2022-11-23 15:56:19,419 logs INFO selecting from db
2022-11-23 15:56:21,174 logs INFO selecting from db
2022-11-23 15:56:21,174 logs INFO selecting from db
2022-11-23 15:56:21,174 logs INFO selecting from db
2022-11-23 15:56:21,174 logs INFO selecting from db
2022-11-23 15:56:21,174 logs INFO selecting from db
2022-11-23 15:56:42,422 logs INFO selecting from db
2022-11-23 15:56:42,422 logs INFO selecting from db
2022-11-23 15:56:42,422 logs INFO selecting from db
2022-11-23 15:56:42,422 logs INFO selecting from db
2022-11-23 15:56:42,422 logs INFO selecting from db
2022-11-23 15:56:49,466 logs INFO selecting from db
2022-11-23 15:56:49,466 logs INFO selecting from db
2022-11-23 15:56:49,466 logs INFO selecting from db
2022-11-23 15:56:49,466 logs INFO selecting from db
2022-11-23 15:56:49,466 logs INFO selecting from db
2022-11-23 16:00:23,132 logs INFO selecting from db
2022-11-23 16:00:23,132 logs INFO selecting from db
2022-11-23 16:00:23,132 logs INFO selecting from db
2022-11-23 16:00:23,132 logs INFO selecting from db
2022-11-23 16:00:23,132 logs INFO selecting from db
2022-11-23 16:00:27,900 logs INFO selecting from db
2022-11-23 16:00:27,900 logs INFO selecting from db
2022-11-23 16:00:27,900 logs INFO selecting from db
2022-11-23 16:00:27,900 logs INFO selecting from db
2022-11-23 16:00:27,900 logs INFO selecting from db
